[2026-04-27 13:25:22] NEW INQUIRY
From: rajvibhansali411@gmail.com
Interest: General Inquiry
Message: hello how are you

------------------------------------------
[2026-04-27 13:33:29] NEW INQUIRY
From: rajvibhansali02@gmail.com
Interest: General Inquiry
Message: working??

------------------------------------------
[2026-04-27 14:08:46] NEW INQUIRY
From: rajvibhansali411@gmail.com
Interest: General Inquiry
Message: hell

------------------------------------------
[2026-04-27 14:22:57] NEW INQUIRY
From: hello@gmail.com
Interest: General Inquiry
Message: work

------------------------------------------
[2026-04-27 14:23:47] NEW INQUIRY
From: hey@gmail.com
Interest: General Inquiry
Message: Hey
------------------------------------------
